10-Nov-2015 18:49:39.998 INFO [localhost-startStop-2] org.apache.catalina.core.ApplicationContext.log SessionListener: contextDestroyed()
10-Nov-2015 18:49:39.998 INFO [localhost-startStop-2] org.apache.catalina.core.ApplicationContext.log ContextListener: contextDestroyed()
10-Nov-2015 18:49:40.061 WARNING [localhost-startStop-2] org.apache.catalina.realm.JDBCRealm.close Exception closing database connection
 com.mysql.jdbc.exceptions.jdbc4.MySQLNonTransientConnectionException: Communications link failure during rollback(). Transaction resolution unknown.
	at sun.reflect.NativeConstructorAccessorImpl.newInstance0(Native Method)
	at sun.reflect.NativeConstructorAccessorImpl.newInstance(NativeConstructorAccessorImpl.java:62)
	at sun.reflect.DelegatingConstructorAccessorImpl.newInstance(DelegatingConstructorAccessorImpl.java:45)
	at java.lang.reflect.Constructor.newInstance(Constructor.java:422)
	at com.mysql.jdbc.Util.handleNewInstance(Util.java:389)
	at com.mysql.jdbc.Util.getInstance(Util.java:372)
	at com.mysql.jdbc.SQLError.createSQLException(SQLError.java:958)
	at com.mysql.jdbc.SQLError.createSQLException(SQLError.java:937)
	at com.mysql.jdbc.SQLError.createSQLException(SQLError.java:926)
	at com.mysql.jdbc.SQLError.createSQLException(SQLError.java:872)
	at com.mysql.jdbc.ConnectionImpl.rollback(ConnectionImpl.java:4612)
	at com.mysql.jdbc.ConnectionImpl.realClose(ConnectionImpl.java:4241)
	at com.mysql.jdbc.ConnectionImpl.close(ConnectionImpl.java:1515)
	at org.apache.catalina.realm.JDBCRealm.close(JDBCRealm.java:448)
	at org.apache.catalina.realm.JDBCRealm.stopInternal(JDBCRealm.java:747)
	at org.apache.catalina.util.LifecycleBase.stop(LifecycleBase.java:232)
	at org.apache.catalina.core.StandardContext.stopInternal(StandardContext.java:5435)
	at org.apache.catalina.util.LifecycleBase.stop(LifecycleBase.java:232)
	at org.apache.catalina.core.ContainerBase$StopChild.call(ContainerBase.java:1424)
	at org.apache.catalina.core.ContainerBase$StopChild.call(ContainerBase.java:1413)
	at java.util.concurrent.FutureTask.run(FutureTask.java:266)
	at java.util.concurrent.ThreadPoolExecutor.runWorker(ThreadPoolExecutor.java:1142)
	at java.util.concurrent.ThreadPoolExecutor$Worker.run(ThreadPoolExecutor.java:617)
	at java.lang.Thread.run(Thread.java:745)

